<?xml version="1.0" encoding="UTF-8"?>
<!-- Generated by org.testng.reporters.JUnitReportReporter -->
<testsuite skipped="0" hostname="LAPTOP-EQBD8BES" name="Tests.TC_LoginTest_001" tests="3" failures="0" timestamp="2021-03-01T13:21:57 IST" time="9.394" errors="0">
  <testcase name="loginTest" time="1.925" classname="Tests.TC_LoginTest_001"/>
  <system-out/>
  <testcase name="loginTest" time="3.805" classname="Tests.TC_LoginTest_001"/>
  <system-out/>
  <testcase name="loginTest" time="3.664" classname="Tests.TC_LoginTest_001"/>
  <system-out/>
</testsuite> <!-- Tests.TC_LoginTest_001 -->
